Temperature: 30 
Temperature: 30 
Temperature: 29 
Temperature: 29 
Temperature: 30 
Temperature: 29 
Temperature: 29 
Temperature: 30 
Temperature: 29 
Temperature: 29 
Temperature: 29 
Temperature: 29 
Temperature: 29 
Temperature: 29 
Temperature: 30 
Temperature: 29 
Temperature: 29 
Temperature: 30 
Temperature: 29 
Temperature: 29 
Temperature: 29 
Temperature: 30 
Temperature: 30 
Temperature: 29 
Temperature: 30 
Temperature: 29 
Temperature: 29 
Temperature: 29 
Temperature: 29 
Temperature: 29 
Temperature: 29 
Temperature: 29 
Temperature: 29 
Temperature: 29 
Temperature: 29 
Temperature: 29 
Temperature: 30 
Temperature: 29 
Temperature: 29 
Temperature: 30 
Temperature: 29 
Temperature: 29 
Temperature: 29 
Temperature: 29 
Temperature: 29 
Temperature: 29 
Temperature: 29 
Temperature: 29 
Temperature: 29 
Temperature: 29 
Temperature: 29 
Temperature: 29 
Temperature: 29 
Temperature: 29 
Temperature: 29 
Temperature: 29 
Temperature: 29 
Temperature: 29 
Temperature: 29 
Temperature: 30 
Temperature: 29 
Temperature: 29 
Temperature: 29 
Temperature: 29 
Temperature: 29 
Temperature: 29 
Temperature: 29 
Temperature: 29 
Temperature: 29 
Temperature: 29 
Temperature: 29 
Temperature: 29 
Temperature: 29 
Temperature: 29 
Temperature: 29 
Temperature: 29 
Temperature: 29 
Temperature: 29 
Temperature: 29 
Temperature: 29 
Temperature: 29 
Temperature: 29 
Temperature: 29 
Temperature: 29 
Temperature: 29 
Temperature: 29 
Temperature: 29 
Temperature: 29 
Temperature: 29 
Temperature: 29 
